imgfolder_b/
├── call100.png
├── call101.png
├── call102.png
├── call103.png
├── call104.png
├── call105.png
├── call106.png
├── call107.png
├── call108.png
├── call109.png
├── call10.png
├── call110.png
├── call111.png
├── call112.png
├── call113.png
├── call114.png
├── call115.png
├── call116.png
├── call117.png
├── call118.png
├── call119.png
├── call11.png
├── call120.png
├── call121.png
├── call122.png
├── call123.png
├── call124.png
├── call125.png
├── call126.png
├── call127.png
├── call128.png
├── call129.png
├── call12.png
├── call130.png
├── call131.png
├── call132.png
├── call133.png
├── call134.png
├── call135.png
├── call136.png
├── call137.png
├── call138.png
├── call139.png
├── call13.png
├── call140.png
├── call141.png
├── call142.png
├── call143.png
├── call144.png
├── call145.png
├── call146.png
├── call147.png
├── call148.png
├── call149.png
├── call14.png
├── call150.png
├── call151.png
├── call152.png
├── call153.png
├── call154.png
├── call155.png
├── call156.png
├── call157.png
├── call158.png
├── call159.png
├── call15.png
├── call160.png
├── call161.png
├── call162.png
├── call163.png
├── call164.png
├── call165.png
├── call166.png
├── call167.png
├── call168.png
├── call169.png
├── call16.png
├── call170.png
├── call171.png
├── call172.png
├── call173.png
├── call174.png
├── call175.png
├── call176.png
├── call177.png
├── call178.png
├── call179.png
├── call17.png
├── call180.png
├── call181.png
├── call182.png
├── call183.png
├── call184.png
├── call185.png
├── call186.png
├── call187.png
├── call188.png
├── call189.png
├── call18.png
├── call190.png
├── call191.png
├── call192.png
├── call193.png
├── call194.png
├── call195.png
├── call196.png
├── call197.png
├── call198.png
├── call199.png
├── call19.png
├── call1.png
├── call200.png
├── call201.png
├── call202.png
├── call203.png
├── call204.png
├── call205.png
├── call206.png
├── call207.png
├── call208.png
├── call209.png
├── call20.png
├── call210.png
├── call211.png
├── call212.png
├── call213.png
├── call214.png
├── call215.png
├── call216.png
├── call217.png
├── call218.png
├── call219.png
├── call21.png
├── call220.png
├── call221.png
├── call222.png
├── call223.png
├── call224.png
├── call225.png
├── call226.png
├── call227.png
├── call228.png
├── call229.png
├── call22.png
├── call230.png
├── call231.png
├── call232.png
├── call233.png
├── call234.png
├── call235.png
├── call236.png
├── call237.png
├── call238.png
├── call239.png
├── call23.png
├── call240.png
├── call241.png
├── call242.png
├── call243.png
├── call244.png
├── call245.png
├── call246.png
├── call247.png
├── call248.png
├── call249.png
├── call24.png
├── call250.png
├── call251.png
├── call252.png
├── call253.png
├── call254.png
├── call255.png
├── call256.png
├── call257.png
├── call258.png
├── call259.png
├── call25.png
├── call260.png
├── call261.png
├── call262.png
├── call263.png
├── call264.png
├── call265.png
├── call266.png
├── call267.png
├── call268.png
├── call269.png
├── call26.png
├── call270.png
├── call271.png
├── call272.png
├── call273.png
├── call274.png
├── call275.png
├── call276.png
├── call277.png
├── call278.png
├── call279.png
├── call27.png
├── call280.png
├── call281.png
├── call282.png
├── call283.png
├── call284.png
├── call285.png
├── call286.png
├── call287.png
├── call288.png
├── call289.png
├── call28.png
├── call290.png
├── call291.png
├── call292.png
├── call293.png
├── call294.png
├── call295.png
├── call296.png
├── call297.png
├── call298.png
├── call299.png
├── call29.png
├── call2.png
├── call300.png
├── call301.png
├── call30.png
├── call31.png
├── call32.png
├── call33.png
├── call34.png
├── call35.png
├── call36.png
├── call37.png
├── call38.png
├── call39.png
├── call3.png
├── call40.png
├── call41.png
├── call42.png
├── call43.png
├── call44.png
├── call45.png
├── call46.png
├── call47.png
├── call48.png
├── call49.png
├── call4.png
├── call50.png
├── call51.png
├── call52.png
├── call53.png
├── call54.png
├── call55.png
├── call56.png
├── call57.png
├── call58.png
├── call59.png
├── call5.png
├── call60.png
├── call61.png
├── call62.png
├── call63.png
├── call64.png
├── call65.png
├── call66.png
├── call67.png
├── call68.png
├── call69.png
├── call6.png
├── call70.png
├── call71.png
├── call72.png
├── call73.png
├── call74.png
├── call75.png
├── call76.png
├── call77.png
├── call78.png
├── call79.png
├── call7.png
├── call80.png
├── call81.png
├── call82.png
├── call83.png
├── call84.png
├── call85.png
├── call86.png
├── call87.png
├── call88.png
├── call89.png
├── call8.png
├── call90.png
├── call91.png
├── call92.png
├── call93.png
├── call94.png
├── call95.png
├── call96.png
├── call97.png
├── call98.png
├── call99.png
├── call9.png
├── fist100.png
├── fist101.png
├── fist102.png
├── fist103.png
├── fist104.png
├── fist105.png
├── fist106.png
├── fist107.png
├── fist108.png
├── fist109.png
├── fist10.png
├── fist110.png
├── fist111.png
├── fist112.png
├── fist113.png
├── fist114.png
├── fist115.png
├── fist116.png
├── fist117.png
├── fist118.png
├── fist119.png
├── fist11.png
├── fist120.png
├── fist121.png
├── fist122.png
├── fist123.png
├── fist124.png
├── fist125.png
├── fist126.png
├── fist127.png
├── fist128.png
├── fist129.png
├── fist12.png
├── fist130.png
├── fist131.png
├── fist132.png
├── fist133.png
├── fist134.png
├── fist135.png
├── fist136.png
├── fist137.png
├── fist138.png
├── fist139.png
├── fist13.png
├── fist140.png
├── fist141.png
├── fist142.png
├── fist143.png
├── fist144.png
├── fist145.png
├── fist146.png
├── fist147.png
├── fist148.png
├── fist149.png
├── fist14.png
├── fist150.png
├── fist151.png
├── fist152.png
├── fist153.png
├── fist154.png
├── fist155.png
├── fist156.png
├── fist157.png
├── fist158.png
├── fist159.png
├── fist15.png
├── fist160.png
├── fist161.png
├── fist162.png
├── fist163.png
├── fist164.png
├── fist165.png
├── fist166.png
├── fist167.png
├── fist168.png
├── fist169.png
├── fist16.png
├── fist170.png
├── fist171.png
├── fist172.png
├── fist173.png
├── fist174.png
├── fist175.png
├── fist176.png
├── fist177.png
├── fist178.png
├── fist179.png
├── fist17.png
├── fist180.png
├── fist181.png
├── fist182.png
├── fist183.png
├── fist184.png
├── fist185.png
├── fist186.png
├── fist187.png
├── fist188.png
├── fist189.png
├── fist18.png
├── fist190.png
├── fist191.png
├── fist192.png
├── fist193.png
├── fist194.png
├── fist195.png
├── fist196.png
├── fist197.png
├── fist198.png
├── fist199.png
├── fist19.png
├── fist1.png
├── fist200.png
├── fist201.png
├── fist202.png
├── fist203.png
├── fist204.png
├── fist205.png
├── fist206.png
├── fist207.png
├── fist208.png
├── fist209.png
├── fist20.png
├── fist210.png
├── fist211.png
├── fist212.png
├── fist213.png
├── fist214.png
├── fist215.png
├── fist216.png
├── fist217.png
├── fist218.png
├── fist219.png
├── fist21.png
├── fist220.png
├── fist221.png
├── fist222.png
├── fist223.png
├── fist224.png
├── fist225.png
├── fist226.png
├── fist227.png
├── fist228.png
├── fist229.png
├── fist22.png
├── fist230.png
├── fist231.png
├── fist232.png
├── fist233.png
├── fist234.png
├── fist235.png
├── fist236.png
├── fist237.png
├── fist238.png
├── fist239.png
├── fist23.png
├── fist240.png
├── fist241.png
├── fist242.png
├── fist243.png
├── fist244.png
├── fist245.png
├── fist246.png
├── fist247.png
├── fist248.png
├── fist249.png
├── fist24.png
├── fist250.png
├── fist251.png
├── fist252.png
├── fist253.png
├── fist254.png
├── fist255.png
├── fist256.png
├── fist257.png
├── fist258.png
├── fist259.png
├── fist25.png
├── fist260.png
├── fist261.png
├── fist262.png
├── fist263.png
├── fist264.png
├── fist265.png
├── fist266.png
├── fist267.png
├── fist268.png
├── fist269.png
├── fist26.png
├── fist270.png
├── fist271.png
├── fist272.png
├── fist273.png
├── fist274.png
├── fist275.png
├── fist276.png
├── fist277.png
├── fist278.png
├── fist279.png
├── fist27.png
├── fist280.png
├── fist281.png
├── fist282.png
├── fist283.png
├── fist284.png
├── fist285.png
├── fist286.png
├── fist287.png
├── fist288.png
├── fist289.png
├── fist28.png
├── fist290.png
├── fist291.png
├── fist292.png
├── fist293.png
├── fist294.png
├── fist295.png
├── fist296.png
├── fist297.png
├── fist298.png
├── fist299.png
├── fist29.png
├── fist2.png
├── fist300.png
├── fist301.png
├── fist30.png
├── fist31.png
├── fist32.png
├── fist33.png
├── fist34.png
├── fist35.png
├── fist36.png
├── fist37.png
├── fist38.png
├── fist39.png
├── fist3.png
├── fist40.png
├── fist41.png
├── fist42.png
├── fist43.png
├── fist44.png
├── fist45.png
├── fist46.png
├── fist47.png
├── fist48.png
├── fist49.png
├── fist4.png
├── fist50.png
├── fist51.png
├── fist52.png
├── fist53.png
├── fist54.png
├── fist55.png
├── fist56.png
├── fist57.png
├── fist58.png
├── fist59.png
├── fist5.png
├── fist60.png
├── fist61.png
├── fist62.png
├── fist63.png
├── fist64.png
├── fist65.png
├── fist66.png
├── fist67.png
├── fist68.png
├── fist69.png
├── fist6.png
├── fist70.png
├── fist71.png
├── fist72.png
├── fist73.png
├── fist74.png
├── fist75.png
├── fist76.png
├── fist77.png
├── fist78.png
├── fist79.png
├── fist7.png
├── fist80.png
├── fist81.png
├── fist82.png
├── fist83.png
├── fist84.png
├── fist85.png
├── fist86.png
├── fist87.png
├── fist88.png
├── fist89.png
├── fist8.png
├── fist90.png
├── fist91.png
├── fist92.png
├── fist93.png
├── fist94.png
├── fist95.png
├── fist96.png
├── fist97.png
├── fist98.png
├── fist99.png
├── fist9.png
├── nothing100.png
├── nothing101.png
├── nothing102.png
├── nothing103.png
├── nothing104.png
├── nothing105.png
├── nothing106.png
├── nothing107.png
├── nothing108.png
├── nothing109.png
├── nothing10.png
├── nothing110.png
├── nothing111.png
├── nothing112.png
├── nothing113.png
├── nothing114.png
├── nothing115.png
├── nothing116.png
├── nothing117.png
├── nothing118.png
├── nothing119.png
├── nothing11.png
├── nothing120.png
├── nothing121.png
├── nothing122.png
├── nothing123.png
├── nothing124.png
├── nothing125.png
├── nothing126.png
├── nothing127.png
├── nothing128.png
├── nothing129.png
├── nothing12.png
├── nothing130.png
├── nothing131.png
├── nothing132.png
├── nothing133.png
├── nothing134.png
├── nothing135.png
├── nothing136.png
├── nothing137.png
├── nothing138.png
├── nothing139.png
├── nothing13.png
├── nothing140.png
├── nothing141.png
├── nothing142.png
├── nothing143.png
├── nothing144.png
├── nothing145.png
├── nothing146.png
├── nothing147.png
├── nothing148.png
├── nothing149.png
├── nothing14.png
├── nothing150.png
├── nothing151.png
├── nothing152.png
├── nothing153.png
├── nothing154.png
├── nothing155.png
├── nothing156.png
├── nothing157.png
├── nothing158.png
├── nothing159.png
├── nothing15.png
├── nothing160.png
├── nothing161.png
├── nothing162.png
├── nothing163.png
├── nothing164.png
├── nothing165.png
├── nothing166.png
├── nothing167.png
├── nothing168.png
├── nothing169.png
├── nothing16.png
├── nothing170.png
├── nothing171.png
├── nothing172.png
├── nothing173.png
├── nothing174.png
├── nothing175.png
├── nothing176.png
├── nothing177.png
├── nothing178.png
├── nothing179.png
├── nothing17.png
├── nothing180.png
├── nothing181.png
├── nothing182.png
├── nothing183.png
├── nothing184.png
├── nothing185.png
├── nothing186.png
├── nothing187.png
├── nothing188.png
├── nothing189.png
├── nothing18.png
├── nothing190.png
├── nothing191.png
├── nothing192.png
├── nothing193.png
├── nothing194.png
├── nothing195.png
├── nothing196.png
├── nothing197.png
├── nothing198.png
├── nothing199.png
├── nothing19.png
├── nothing1.png
├── nothing200.png
├── nothing201.png
├── nothing202.png
├── nothing203.png
├── nothing204.png
├── nothing205.png
├── nothing206.png
├── nothing207.png
├── nothing208.png
├── nothing209.png
├── nothing20.png
├── nothing210.png
├── nothing211.png
├── nothing212.png
├── nothing213.png
├── nothing214.png
├── nothing215.png
├── nothing216.png
├── nothing217.png
├── nothing218.png
├── nothing219.png
├── nothing21.png
├── nothing220.png
├── nothing221.png
├── nothing222.png
├── nothing223.png
├── nothing224.png
├── nothing225.png
├── nothing226.png
├── nothing227.png
├── nothing228.png
├── nothing229.png
├── nothing22.png
├── nothing230.png
├── nothing231.png
├── nothing232.png
├── nothing233.png
├── nothing234.png
├── nothing235.png
├── nothing236.png
├── nothing237.png
├── nothing238.png
├── nothing239.png
├── nothing23.png
├── nothing240.png
├── nothing241.png
├── nothing242.png
├── nothing243.png
├── nothing244.png
├── nothing245.png
├── nothing246.png
├── nothing247.png
├── nothing248.png
├── nothing249.png
├── nothing24.png
├── nothing250.png
├── nothing251.png
├── nothing252.png
├── nothing253.png
├── nothing254.png
├── nothing255.png
├── nothing256.png
├── nothing257.png
├── nothing258.png
├── nothing259.png
├── nothing25.png
├── nothing260.png
├── nothing261.png
├── nothing262.png
├── nothing263.png
├── nothing264.png
├── nothing265.png
├── nothing266.png
├── nothing267.png
├── nothing268.png
├── nothing269.png
├── nothing26.png
├── nothing270.png
├── nothing271.png
├── nothing272.png
├── nothing273.png
├── nothing274.png
├── nothing275.png
├── nothing276.png
├── nothing277.png
├── nothing278.png
├── nothing279.png
├── nothing27.png
├── nothing280.png
├── nothing281.png
├── nothing282.png
├── nothing283.png
├── nothing284.png
├── nothing285.png
├── nothing286.png
├── nothing287.png
├── nothing288.png
├── nothing289.png
├── nothing28.png
├── nothing290.png
├── nothing291.png
├── nothing292.png
├── nothing293.png
├── nothing294.png
├── nothing295.png
├── nothing296.png
├── nothing297.png
├── nothing298.png
├── nothing299.png
├── nothing29.png
├── nothing2.png
├── nothing300.png
├── nothing301.png
├── nothing30.png
├── nothing31.png
├── nothing32.png
├── nothing33.png
├── nothing34.png
├── nothing35.png
├── nothing36.png
├── nothing37.png
├── nothing38.png
├── nothing39.png
├── nothing3.png
├── nothing40.png
├── nothing41.png
├── nothing42.png
├── nothing43.png
├── nothing44.png
├── nothing45.png
├── nothing46.png
├── nothing47.png
├── nothing48.png
├── nothing49.png
├── nothing4.png
├── nothing50.png
├── nothing51.png
├── nothing52.png
├── nothing53.png
├── nothing54.png
├── nothing55.png
├── nothing56.png
├── nothing57.png
├── nothing58.png
├── nothing59.png
├── nothing5.png
├── nothing60.png
├── nothing61.png
├── nothing62.png
├── nothing63.png
├── nothing64.png
├── nothing65.png
├── nothing66.png
├── nothing67.png
├── nothing68.png
├── nothing69.png
├── nothing6.png
├── nothing70.png
├── nothing71.png
├── nothing72.png
├── nothing73.png
├── nothing74.png
├── nothing75.png
├── nothing76.png
├── nothing77.png
├── nothing78.png
├── nothing79.png
├── nothing7.png
├── nothing80.png
├── nothing81.png
├── nothing82.png
├── nothing83.png
├── nothing84.png
├── nothing85.png
├── nothing86.png
├── nothing87.png
├── nothing88.png
├── nothing89.png
├── nothing8.png
├── nothing90.png
├── nothing91.png
├── nothing92.png
├── nothing93.png
├── nothing94.png
├── nothing95.png
├── nothing96.png
├── nothing97.png
├── nothing98.png
├── nothing99.png
├── nothing9.png
├── peace100.png
├── peace101.png
├── peace102.png
├── peace103.png
├── peace104.png
├── peace105.png
├── peace106.png
├── peace107.png
├── peace108.png
├── peace109.png
├── peace10.png
├── peace110.png
├── peace111.png
├── peace112.png
├── peace113.png
├── peace114.png
├── peace115.png
├── peace116.png
├── peace117.png
├── peace118.png
├── peace119.png
├── peace11.png
├── peace120.png
├── peace121.png
├── peace122.png
├── peace123.png
├── peace124.png
├── peace125.png
├── peace126.png
├── peace127.png
├── peace128.png
├── peace129.png
├── peace12.png
├── peace130.png
├── peace131.png
├── peace132.png
├── peace133.png
├── peace134.png
├── peace135.png
├── peace136.png
├── peace137.png
├── peace138.png
├── peace139.png
├── peace13.png
├── peace140.png
├── peace141.png
├── peace142.png
├── peace143.png
├── peace144.png
├── peace145.png
├── peace146.png
├── peace147.png
├── peace148.png
├── peace149.png
├── peace14.png
├── peace150.png
├── peace151.png
├── peace152.png
├── peace153.png
├── peace154.png
├── peace155.png
├── peace156.png
├── peace157.png
├── peace158.png
├── peace159.png
├── peace15.png
├── peace160.png
├── peace161.png
├── peace162.png
├── peace163.png
├── peace164.png
├── peace165.png
├── peace166.png
├── peace167.png
├── peace168.png
├── peace169.png
├── peace16.png
├── peace170.png
├── peace171.png
├── peace172.png
├── peace173.png
├── peace174.png
├── peace175.png
├── peace176.png
├── peace177.png
├── peace178.png
├── peace179.png
├── peace17.png
├── peace180.png
├── peace181.png
├── peace182.png
├── peace183.png
├── peace184.png
├── peace185.png
├── peace186.png
├── peace187.png
├── peace188.png
├── peace189.png
├── peace18.png
├── peace190.png
├── peace191.png
├── peace192.png
├── peace193.png
├── peace194.png
├── peace195.png
├── peace196.png
├── peace197.png
├── peace198.png
├── peace199.png
├── peace19.png
├── peace1.png
├── peace200.png
├── peace201.png
├── peace202.png
├── peace203.png
├── peace204.png
├── peace205.png
├── peace206.png
├── peace207.png
├── peace208.png
├── peace209.png
├── peace20.png
├── peace210.png
├── peace211.png
├── peace212.png
├── peace213.png
├── peace214.png
├── peace215.png
├── peace216.png
├── peace217.png
├── peace218.png
├── peace219.png
├── peace21.png
├── peace220.png
├── peace221.png
├── peace222.png
├── peace223.png
├── peace224.png
├── peace225.png
├── peace226.png
├── peace227.png
├── peace228.png
├── peace229.png
├── peace22.png
├── peace230.png
├── peace231.png
├── peace232.png
├── peace233.png
├── peace234.png
├── peace235.png
├── peace236.png
├── peace237.png
├── peace238.png
├── peace239.png
├── peace23.png
├── peace240.png
├── peace241.png
├── peace242.png
├── peace243.png
├── peace244.png
├── peace245.png
├── peace246.png
├── peace247.png
├── peace248.png
├── peace249.png
├── peace24.png
├── peace250.png
├── peace251.png
├── peace252.png
├── peace253.png
├── peace254.png
├── peace255.png
├── peace256.png
├── peace257.png
├── peace258.png
├── peace259.png
├── peace25.png
├── peace260.png
├── peace261.png
├── peace262.png
├── peace263.png
├── peace264.png
├── peace265.png
├── peace266.png
├── peace267.png
├── peace268.png
├── peace269.png
├── peace26.png
├── peace270.png
├── peace271.png
├── peace272.png
├── peace273.png
├── peace274.png
├── peace275.png
├── peace276.png
├── peace277.png
├── peace278.png
├── peace279.png
├── peace27.png
├── peace280.png
├── peace281.png
├── peace282.png
├── peace283.png
├── peace284.png
├── peace285.png
├── peace286.png
├── peace287.png
├── peace288.png
├── peace289.png
├── peace28.png
├── peace290.png
├── peace291.png
├── peace292.png
├── peace293.png
├── peace294.png
├── peace295.png
├── peace296.png
├── peace297.png
├── peace298.png
├── peace299.png
├── peace29.png
├── peace2.png
├── peace300.png
├── peace301.png
├── peace30.png
├── peace31.png
├── peace32.png
├── peace33.png
├── peace34.png
├── peace35.png
├── peace36.png
├── peace37.png
├── peace38.png
├── peace39.png
├── peace3.png
├── peace40.png
├── peace41.png
├── peace42.png
├── peace43.png
├── peace44.png
├── peace45.png
├── peace46.png
├── peace47.png
├── peace48.png
├── peace49.png
├── peace4.png
├── peace50.png
├── peace51.png
├── peace52.png
├── peace53.png
├── peace54.png
├── peace55.png
├── peace56.png
├── peace57.png
├── peace58.png
├── peace59.png
├── peace5.png
├── peace60.png
├── peace61.png
├── peace62.png
├── peace63.png
├── peace64.png
├── peace65.png
├── peace66.png
├── peace67.png
├── peace68.png
├── peace69.png
├── peace6.png
├── peace70.png
├── peace71.png
├── peace72.png
├── peace73.png
├── peace74.png
├── peace75.png
├── peace76.png
├── peace77.png
├── peace78.png
├── peace79.png
├── peace7.png
├── peace80.png
├── peace81.png
├── peace82.png
├── peace83.png
├── peace84.png
├── peace85.png
├── peace86.png
├── peace87.png
├── peace88.png
├── peace89.png
├── peace8.png
├── peace90.png
├── peace91.png
├── peace92.png
├── peace93.png
├── peace94.png
├── peace95.png
├── peace96.png
├── peace97.png
├── peace98.png
├── peace99.png
├── peace9.png
├── rock100.png
├── rock101.png
├── rock102.png
├── rock103.png
├── rock104.png
├── rock105.png
├── rock106.png
├── rock107.png
├── rock108.png
├── rock109.png
├── rock10.png
├── rock110.png
├── rock111.png
├── rock112.png
├── rock113.png
├── rock114.png
├── rock115.png
├── rock116.png
├── rock117.png
├── rock118.png
├── rock119.png
├── rock11.png
├── rock120.png
├── rock121.png
├── rock122.png
├── rock123.png
├── rock124.png
├── rock125.png
├── rock126.png
├── rock127.png
├── rock128.png
├── rock129.png
├── rock12.png
├── rock130.png
├── rock131.png
├── rock132.png
├── rock133.png
├── rock134.png
├── rock135.png
├── rock136.png
├── rock137.png
├── rock138.png
├── rock139.png
├── rock13.png
├── rock140.png
├── rock141.png
├── rock142.png
├── rock143.png
├── rock144.png
├── rock145.png
├── rock146.png
├── rock147.png
├── rock148.png
├── rock149.png
├── rock14.png
├── rock150.png
├── rock151.png
├── rock152.png
├── rock153.png
├── rock154.png
├── rock155.png
├── rock156.png
├── rock157.png
├── rock158.png
├── rock159.png
├── rock15.png
├── rock160.png
├── rock161.png
├── rock162.png
├── rock163.png
├── rock164.png
├── rock165.png
├── rock166.png
├── rock167.png
├── rock168.png
├── rock169.png
├── rock16.png
├── rock170.png
├── rock171.png
├── rock172.png
├── rock173.png
├── rock174.png
├── rock175.png
├── rock176.png
├── rock177.png
├── rock178.png
├── rock179.png
├── rock17.png
├── rock180.png
├── rock181.png
├── rock182.png
├── rock183.png
├── rock184.png
├── rock185.png
├── rock186.png
├── rock187.png
├── rock188.png
├── rock189.png
├── rock18.png
├── rock190.png
├── rock191.png
├── rock192.png
├── rock193.png
├── rock194.png
├── rock195.png
├── rock196.png
├── rock197.png
├── rock198.png
├── rock199.png
├── rock19.png
├── rock1.png
├── rock200.png
├── rock201.png
├── rock202.png
├── rock203.png
├── rock204.png
├── rock205.png
├── rock206.png
├── rock207.png
├── rock208.png
├── rock209.png
├── rock20.png
├── rock210.png
├── rock211.png
├── rock212.png
├── rock213.png
├── rock214.png
├── rock215.png
├── rock216.png
├── rock217.png
├── rock218.png
├── rock219.png
├── rock21.png
├── rock220.png
├── rock221.png
├── rock222.png
├── rock223.png
├── rock224.png
├── rock225.png
├── rock226.png
├── rock227.png
├── rock228.png
├── rock229.png
├── rock22.png
├── rock230.png
├── rock231.png
├── rock232.png
├── rock233.png
├── rock234.png
├── rock235.png
├── rock236.png
├── rock237.png
├── rock238.png
├── rock239.png
├── rock23.png
├── rock240.png
├── rock241.png
├── rock242.png
├── rock243.png
├── rock244.png
├── rock245.png
├── rock246.png
├── rock247.png
├── rock248.png
├── rock249.png
├── rock24.png
├── rock250.png
├── rock251.png
├── rock252.png
├── rock253.png
├── rock254.png
├── rock255.png
├── rock256.png
├── rock257.png
├── rock258.png
├── rock259.png
├── rock25.png
├── rock260.png
├── rock261.png
├── rock262.png
├── rock263.png
├── rock264.png
├── rock265.png
├── rock266.png
├── rock267.png
├── rock268.png
├── rock269.png
├── rock26.png
├── rock270.png
├── rock271.png
├── rock272.png
├── rock273.png
├── rock274.png
├── rock275.png
├── rock276.png
├── rock277.png
├── rock278.png
├── rock279.png
├── rock27.png
├── rock280.png
├── rock281.png
├── rock282.png
├── rock283.png
├── rock284.png
├── rock285.png
├── rock286.png
├── rock287.png
├── rock288.png
├── rock289.png
├── rock28.png
├── rock290.png
├── rock291.png
├── rock292.png
├── rock293.png
├── rock294.png
├── rock295.png
├── rock296.png
├── rock297.png
├── rock298.png
├── rock299.png
├── rock29.png
├── rock2.png
├── rock300.png
├── rock301.png
├── rock30.png
├── rock31.png
├── rock32.png
├── rock33.png
├── rock34.png
├── rock35.png
├── rock36.png
├── rock37.png
├── rock38.png
├── rock39.png
├── rock3.png
├── rock40.png
├── rock41.png
├── rock42.png
├── rock43.png
├── rock44.png
├── rock45.png
├── rock46.png
├── rock47.png
├── rock48.png
├── rock49.png
├── rock4.png
├── rock50.png
├── rock51.png
├── rock52.png
├── rock53.png
├── rock54.png
├── rock55.png
├── rock56.png
├── rock57.png
├── rock58.png
├── rock59.png
├── rock5.png
├── rock60.png
├── rock61.png
├── rock62.png
├── rock63.png
├── rock64.png
├── rock65.png
├── rock66.png
├── rock67.png
├── rock68.png
├── rock69.png
├── rock6.png
├── rock70.png
├── rock71.png
├── rock72.png
├── rock73.png
├── rock74.png
├── rock75.png
├── rock76.png
├── rock77.png
├── rock78.png
├── rock79.png
├── rock7.png
├── rock80.png
├── rock81.png
├── rock82.png
├── rock83.png
├── rock84.png
├── rock85.png
├── rock86.png
├── rock87.png
├── rock88.png
├── rock89.png
├── rock8.png
├── rock90.png
├── rock91.png
├── rock92.png
├── rock93.png
├── rock94.png
├── rock95.png
├── rock96.png
├── rock97.png
├── rock98.png
├── rock99.png
└── rock9.png

1 directory, 1505 files
